<?xml version="1.0" encoding="UTF-8"?>
<!-- Generated by org.testng.reporters.JUnitXMLReporter -->
<testsuite hostname="AmitNahum" ignored="0" name="Supervalu Android" tests="1" failures="1" timestamp="13 יונ 2017 20:10:46 GMT" time="92.885" errors="0">
  <testcase name="VerfiyHomePageUI" time="36.412" classname="com.seetest.apps.supervalu.tests.Sanity">
    <failure type="com.experitest.client.InternalException" message="Exception caught while executing click: Element was not identified: &amp;apos;//*[@id=&amp;apos;my_account_signout_btn&amp;apos;]&amp;apos; at zone NATIVE">
      <![CDATA[com.experitest.client.InternalException: Exception caught while executing click: Element was not identified: '//*[@id='my_account_signout_btn']' at zone NATIVE
	at com.experitest.client.JavaClientInternals.executeInternally(JavaClientInternals.java:249)
	at com.experitest.client.Client.execute(Client.java:247)
	at com.experitest.client.ExecutionClient.execute(ExecutionClient.java:184)
	at com.experitest.client.Client.click(Client.java:463)
	at com.seetest.framework.core.MobileObjectImpl.click(MobileObjectImpl.java:26)
	at com.seetest.apps.supervalu.pages.HomePage.SignIn(HomePage.java:95)
	at com.seetest.apps.supervalu.tests.Sanity.VerfiyHomePageUI(Sanity.java:13)
	at java.util.concurrent.FutureTask.run(Unknown Source)
	at java.util.concurrent.ThreadPoolExecutor.runWorker(Unknown Source)
	at java.util.concurrent.ThreadPoolExecutor$Worker.run(Unknown Source)
	at java.lang.Thread.run(Unknown Source)
... Removed 16 stack frames]]>
    </failure>
  </testcase> <!-- VerfiyHomePageUI -->
</testsuite> <!-- Supervalu Android -->
