<html>
<head>
<title>TestNG:  Eribank iOS</title>
<link href="../testng.css" rel="stylesheet" type="text/css" />
<link href="../my-testng.css" rel="stylesheet" type="text/css" />

<style type="text/css">
.log { display: none;} 
.stack-trace { display: none;} 
</style>
<script type="text/javascript">
<!--
function flip(e) {
  current = e.style.display;
  if (current == 'block') {
    e.style.display = 'none';
    return 0;
  }
  else {
    e.style.display = 'block';
    return 1;
  }
}

function toggleBox(szDivId, elem, msg1, msg2)
{
  var res = -1;  if (document.getElementById) {
    res = flip(document.getElementById(szDivId));
  }
  else if (document.all) {
    // this is the way old msie versions work
    res = flip(document.all[szDivId]);
  }
  if(elem) {
    if(res == 0) elem.innerHTML = msg1; else elem.innerHTML = msg2;
  }

}

function toggleAllBoxes() {
  if (document.getElementsByTagName) {
    d = document.getElementsByTagName('div');
    for (i = 0; i < d.length; i++) {
      if (d[i].className == 'log') {
        flip(d[i]);
      }
    }
  }
}

// -->
</script>

</head>
<body>
<h2 align='center'>Eribank iOS</h2><table border='1' align="center">
<tr>
<td>Tests passed/Failed/Skipped:</td><td>0/0/1</td>
</tr><tr>
<td>Started on:</td><td>Wed Apr 18 17:21:53 IDT 2018</td>
</tr>
<tr><td>Total time:</td><td>13 seconds (13485 ms)</td>
</tr><tr>
<td>Included groups:</td><td></td>
</tr><tr>
<td>Excluded groups:</td><td></td>
</tr>
</table><p/>
<small><i>(Hover the method name to see the test class name)</i></small><p/>
<table width='100%' border='1' class='invocation-failed'>
<tr><td colspan='4' align='center'><b>FAILED CONFIGURATIONS</b></td></tr>
<tr><td><b>Test method</b></td>
<td width="30%"><b>Exception</b></td>
<td width="10%"><b>Time (seconds)</b></td>
<td><b>Instance</b></td>
</tr>
<tr>
<td title='com.seetest.apps.eribank.tests.Sanity.beforeMethod()'><b>beforeMethod</b><br>Test class: com.seetest.apps.eribank.tests.Sanity<br>Parameters: org.testng.TestRunner@f485c5, public void com.seetest.apps.eribank.tests.Sanity.VerfiyHomePageUI()</td>
<td><div><pre>com.experitest.client.InternalException: The lockDeviceForExecution failed with error: &apos;Xpath illegal. Following xpath was provided: @name=&apos;Demo Cloud&apos;s iPhone 8 Plus B0166&apos;&apos;
	at com.experitest.client.GridClient.lockDeviceForExecution(GridClient.java:394)
	at com.experitest.client.GridClient.lockDeviceForExecution(GridClient.java:227)
	at com.seetest.framework.BaseTest.createGridClient(BaseTest.java:69)
	at com.seetest.framework.BaseTest.beforeMethod(BaseTest.java:160)
	at java.util.concurrent.FutureTask.run(Unknown Source)
	at java.util.concurrent.ThreadPoolExecutor.runWorker(Unknown Source)
	at java.util.concurrent.ThreadPoolExecutor$Worker.run(Unknown Source)
	at java.lang.Thread.run(Unknown Source)
... Removed 18 stack frames</pre></div><a href='#' onClick='toggleBox("stack-trace106022227", this, "Click to show all stack frames", "Click to hide stack frames")'>Click to show all stack frames</a>
<div class='stack-trace' id='stack-trace106022227'><pre>com.experitest.client.InternalException: The lockDeviceForExecution failed with error: &apos;Xpath illegal. Following xpath was provided: @name=&apos;Demo Cloud&apos;s iPhone 8 Plus B0166&apos;&apos;
	at com.experitest.client.GridClient.lockDeviceForExecution(GridClient.java:394)
	at com.experitest.client.GridClient.lockDeviceForExecution(GridClient.java:227)
	at com.seetest.framework.BaseTest.createGridClient(BaseTest.java:69)
	at com.seetest.framework.BaseTest.beforeMethod(BaseTest.java:160)
	at sun.reflect.NativeMethodAccessorImpl.invoke0(Native Method)
	at sun.reflect.NativeMethodAccessorImpl.invoke(Unknown Source)
	at sun.reflect.DelegatingMethodAccessorImpl.invoke(Unknown Source)
	at java.lang.reflect.Method.invoke(Unknown Source)
	at org.testng.internal.MethodInvocationHelper.invokeMethod(MethodInvocationHelper.java:104)
	at org.testng.internal.Invoker.invokeConfigurationMethod(Invoker.java:515)
	at org.testng.internal.Invoker.invokeConfigurations(Invoker.java:217)
	at org.testng.internal.Invoker.invokeMethod(Invoker.java:590)
	at org.testng.internal.Invoker.invokeTestMethod(Invoker.java:851)
	at org.testng.internal.Invoker.invokeTestMethods(Invoker.java:1177)
	at org.testng.internal.TestMethodWorker.invokeTestMethods(TestMethodWorker.java:129)
	at org.testng.internal.TestMethodWorker.run(TestMethodWorker.java:112)
	at org.testng.TestRunner.privateRun(TestRunner.java:756)
	at org.testng.TestRunner.run(TestRunner.java:610)
	at org.testng.SuiteRunner.runTest(SuiteRunner.java:387)
	at org.testng.SuiteRunner.access$000(SuiteRunner.java:39)
	at org.testng.SuiteRunner$SuiteWorker.run(SuiteRunner.java:421)
	at org.testng.internal.thread.ThreadUtil$2.call(ThreadUtil.java:64)
	at java.util.concurrent.FutureTask.run(Unknown Source)
	at java.util.concurrent.ThreadPoolExecutor.runWorker(Unknown Source)
	at java.util.concurrent.ThreadPoolExecutor$Worker.run(Unknown Source)
	at java.lang.Thread.run(Unknown Source)
</pre></div></td>
<td>0</td>
<td>com.seetest.apps.eribank.tests.Sanity@5e3a8624</td></tr>
</table><p>
<table width='100%' border='1' class='invocation-skipped'>
<tr><td colspan='4' align='center'><b>SKIPPED CONFIGURATIONS</b></td></tr>
<tr><td><b>Test method</b></td>
<td width="30%"><b>Exception</b></td>
<td width="10%"><b>Time (seconds)</b></td>
<td><b>Instance</b></td>
</tr>
<tr>
<td title='com.seetest.apps.eribank.tests.Sanity.afterMethod()'><b>afterMethod</b><br>Test class: com.seetest.apps.eribank.tests.Sanity</td>
<td></td>
<td>0</td>
<td>com.seetest.apps.eribank.tests.Sanity@5e3a8624</td></tr>
<tr>
<td title='com.seetest.apps.eribank.tests.Sanity.afterClass()'><b>afterClass</b><br>Test class: com.seetest.apps.eribank.tests.Sanity</td>
<td></td>
<td>0</td>
<td>com.seetest.apps.eribank.tests.Sanity@5e3a8624</td></tr>
<tr>
<td title='com.seetest.apps.eribank.tests.Sanity.afterTest()'><b>afterTest</b><br>Test class: com.seetest.apps.eribank.tests.Sanity</td>
<td></td>
<td>0</td>
<td>null</td></tr>
</table><p>
<table width='100%' border='1' class='invocation-skipped'>
<tr><td colspan='4' align='center'><b>SKIPPED TESTS</b></td></tr>
<tr><td><b>Test method</b></td>
<td width="30%"><b>Exception</b></td>
<td width="10%"><b>Time (seconds)</b></td>
<td><b>Instance</b></td>
</tr>
<tr>
<td title='com.seetest.apps.eribank.tests.Sanity.VerfiyHomePageUI()'><b>VerfiyHomePageUI</b><br>Test class: com.seetest.apps.eribank.tests.Sanity</td>
<td><div><pre>com.experitest.client.InternalException: The lockDeviceForExecution failed with error: &apos;Xpath illegal. Following xpath was provided: @name=&apos;Demo Cloud&apos;s iPhone 8 Plus B0166&apos;&apos;
	at com.experitest.client.GridClient.lockDeviceForExecution(GridClient.java:394)
	at com.experitest.client.GridClient.lockDeviceForExecution(GridClient.java:227)
	at com.seetest.framework.BaseTest.createGridClient(BaseTest.java:69)
	at com.seetest.framework.BaseTest.beforeMethod(BaseTest.java:160)
	at java.util.concurrent.FutureTask.run(Unknown Source)
	at java.util.concurrent.ThreadPoolExecutor.runWorker(Unknown Source)
	at java.util.concurrent.ThreadPoolExecutor$Worker.run(Unknown Source)
	at java.lang.Thread.run(Unknown Source)
... Removed 18 stack frames</pre></div><a href='#' onClick='toggleBox("stack-trace439353294", this, "Click to show all stack frames", "Click to hide stack frames")'>Click to show all stack frames</a>
<div class='stack-trace' id='stack-trace439353294'><pre>com.experitest.client.InternalException: The lockDeviceForExecution failed with error: &apos;Xpath illegal. Following xpath was provided: @name=&apos;Demo Cloud&apos;s iPhone 8 Plus B0166&apos;&apos;
	at com.experitest.client.GridClient.lockDeviceForExecution(GridClient.java:394)
	at com.experitest.client.GridClient.lockDeviceForExecution(GridClient.java:227)
	at com.seetest.framework.BaseTest.createGridClient(BaseTest.java:69)
	at com.seetest.framework.BaseTest.beforeMethod(BaseTest.java:160)
	at sun.reflect.NativeMethodAccessorImpl.invoke0(Native Method)
	at sun.reflect.NativeMethodAccessorImpl.invoke(Unknown Source)
	at sun.reflect.DelegatingMethodAccessorImpl.invoke(Unknown Source)
	at java.lang.reflect.Method.invoke(Unknown Source)
	at org.testng.internal.MethodInvocationHelper.invokeMethod(MethodInvocationHelper.java:104)
	at org.testng.internal.Invoker.invokeConfigurationMethod(Invoker.java:515)
	at org.testng.internal.Invoker.invokeConfigurations(Invoker.java:217)
	at org.testng.internal.Invoker.invokeMethod(Invoker.java:590)
	at org.testng.internal.Invoker.invokeTestMethod(Invoker.java:851)
	at org.testng.internal.Invoker.invokeTestMethods(Invoker.java:1177)
	at org.testng.internal.TestMethodWorker.invokeTestMethods(TestMethodWorker.java:129)
	at org.testng.internal.TestMethodWorker.run(TestMethodWorker.java:112)
	at org.testng.TestRunner.privateRun(TestRunner.java:756)
	at org.testng.TestRunner.run(TestRunner.java:610)
	at org.testng.SuiteRunner.runTest(SuiteRunner.java:387)
	at org.testng.SuiteRunner.access$000(SuiteRunner.java:39)
	at org.testng.SuiteRunner$SuiteWorker.run(SuiteRunner.java:421)
	at org.testng.internal.thread.ThreadUtil$2.call(ThreadUtil.java:64)
	at java.util.concurrent.FutureTask.run(Unknown Source)
	at java.util.concurrent.ThreadPoolExecutor.runWorker(Unknown Source)
	at java.util.concurrent.ThreadPoolExecutor$Worker.run(Unknown Source)
	at java.lang.Thread.run(Unknown Source)
</pre></div></td>
<td>0</td>
<td>com.seetest.apps.eribank.tests.Sanity@5e3a8624</td></tr>
</table><p>
</body>
</html>